The NC_006273.2 genome has 169 CDS.

Kallisto index successfully built.


sample	condition	min_tpm	med_tpm	mean_tpm	max_tpm
SRR5660030	2dpi	0.00	1873.57	5917.16	76823.10
SRR5660033	6dpi	0.00	1976.09	5917.16	177444.00
SRR5660044	2dpi	0.00	1904.75	5917.16	222836.00
SRR5660045	6dpi	0.00	1087.04	5917.16	401009.00
The HCMV genome NC_006273.2 has 169 CDS.

LRT Significant Transcripts (FDR < 0.05):
target_id	test_stat	pval	qval
YP_081530.1	15.174504	9.801796e-05	0.008445869
YP_081547.1	15.022493	1.062373e-04	0.008445869
YP_081552.1	14.053044	1.777259e-04	0.009419473
YP_081551.1	12.463776	4.149203e-04	0.016493080
YP_081577.1	11.862287	5.728214e-04	0.017670128
YP_081489.1	11.579588	6.667973e-04	0.017670128
YP_081574.1	11.033917	8.945994e-04	0.018748480
YP_081521.1	10.863938	9.805495e-04	0.018748480
YP_081576.1	10.717561	1.061235e-03	0.018748480
YP_081490.1	10.190447	1.411701e-03	0.022446044
YP_081522.1	 9.387874	2.184253e-03	0.031572387
YP_081561.1	 8.951240	2.772813e-03	0.036739775
YP_081613.1	 8.639789	3.288995e-03	0.040226934
YP_081600.1	 8.394989	3.762569e-03	0.042732028
YP_081520.1	 8.253056	4.068345e-03	0.043124461
YP_081533.1	 8.033528	4.591930e-03	0.045632306
YP_081601.1	 7.868818	5.029453e-03	0.047040176
YP_081595.1	 7.680166	5.583103e-03	0.049317411

## Bowtie2 index successfully created ##

## Bowtie2 read mapping result ##
Donor 1 (2dpi) had 4518574 read pairs before Bowtie2 filtering and 3025251 read pairs after.
Donor 1 (6dpi) had 4009060 read pairs before Bowtie2 filtering and 2253907 read pairs after.
Donor 3 (2dpi) had 5460516 read pairs before Bowtie2 filtering and 3345658 read pairs after.
Donor 3 (6dpi) had 4953778 read pairs before Bowtie2 filtering and 2236559 read pairs after.

## Running SPAdes Assemblies ##

SPAdes command for Donor_1: spades.py --only-assembler -k 77 -o /home/2025/kboreiri/PipelineProject_Kimia_Boreiri/output/spades_output/Donor_1 -1 /home/2025/kboreiri/PipelineProject_Kimia_Boreiri/output/filtered_fastq/SRR5660030_filtered_1.fastq -2 /home/2025/kboreiri/PipelineProject_Kimia_Boreiri/output/filtered_fastq/SRR5660030_filtered_2.fastq -1 /home/2025/kboreiri/PipelineProject_Kimia_Boreiri/output/filtered_fastq/SRR5660033_filtered_1.fastq -2 /home/2025/kboreiri/PipelineProject_Kimia_Boreiri/output/filtered_fastq/SRR5660033_filtered_2.fastq

SPAdes command for Donor_3: spades.py --only-assembler -k 77 -o /home/2025/kboreiri/PipelineProject_Kimia_Boreiri/output/spades_output/Donor_3 -1 /home/2025/kboreiri/PipelineProject_Kimia_Boreiri/output/filtered_fastq/SRR5660044_filtered_1.fastq -2 /home/2025/kboreiri/PipelineProject_Kimia_Boreiri/output/filtered_fastq/SRR5660044_filtered_2.fastq -1 /home/2025/kboreiri/PipelineProject_Kimia_Boreiri/output/filtered_fastq/SRR5660045_filtered_1.fastq -2 /home/2025/kboreiri/PipelineProject_Kimia_Boreiri/output/filtered_fastq/SRR5660045_filtered_2.fastq
